INFO: (function: run) Combine.cc: 902 -- Computing results starting from observation (a-posteriori)
INFO: (function: getNormalizations) FitDiagnostics.cc: 777 -- Generating toy data for evaluating per-bin uncertainties and covariances with post-fit nuisance parameters with 1000 toys
INFO: (function: improveOnce) CascadeMinimizer.cc: 157 -- Minimisation configured with Type=Minuit2, Algo=Migrad, strategy=1, tolerance=0.1
INFO: (function: improveOnce) CascadeMinimizer.cc: 180 -- Minimisation finished with status=0
INFO: (function: improveOnce) CascadeMinimizer.cc: 185 -- Minimization success! status=0
INFO: (function: improveOnce) CascadeMinimizer.cc: 157 -- Minimisation configured with Type=Minuit2, Algo=Migrad, strategy=1, tolerance=0.1
INFO: (function: improveOnce) CascadeMinimizer.cc: 180 -- Minimisation finished with status=0
INFO: (function: improveOnce) CascadeMinimizer.cc: 185 -- Minimization success! status=0
INFO: (function: improveOnce) CascadeMinimizer.cc: 157 -- Minimisation configured with Type=Minuit2, Algo=Migrad, strategy=1, tolerance=0.1
INFO: (function: improveOnce) CascadeMinimizer.cc: 180 -- Minimisation finished with status=0
INFO: (function: improveOnce) CascadeMinimizer.cc: 185 -- Minimization success! status=0
DEBUG: (function: runSpecific) FitDiagnostics.cc: 304 -- Fit B-only, status = 0, numBadNLL = 0, covariance quality = 3
INFO: (function: getNormalizations) FitDiagnostics.cc: 777 -- Generating toy data for evaluating per-bin uncertainties and covariances with post-fit nuisance parameters with 1000 toys
INFO: (function: improveOnce) CascadeMinimizer.cc: 157 -- Minimisation configured with Type=Minuit2, Algo=Migrad, strategy=1, tolerance=0.1
INFO: (function: improveOnce) CascadeMinimizer.cc: 180 -- Minimisation finished with status=0
INFO: (function: improveOnce) CascadeMinimizer.cc: 185 -- Minimization success! status=0
INFO: (function: improveOnce) CascadeMinimizer.cc: 157 -- Minimisation configured with Type=Minuit2, Algo=Migrad, strategy=1, tolerance=0.1
INFO: (function: improveOnce) CascadeMinimizer.cc: 180 -- Minimisation finished with status=0
INFO: (function: improveOnce) CascadeMinimizer.cc: 185 -- Minimization success! status=0
INFO: (function: doFit) FitterAlgoBase.cc: 318 -- Running Minos for POI r_ggH
ERROR: (function: runSpecific) [WARNING]: Unable to determine uncertainties on all fit parameters in s+b fit. The option --saveWithUncertainties will be ignored as it would lead to incorrect results. Have a look at https://cms-hcomb.gitbooks.io/combine/content/part3/nonstandard.html#fit-parameter-uncertainties for more information.
DEBUG: (function: runSpecific) FitDiagnostics.cc: 412 -- Fit S+B, status = 0, numBadNLL = 0, covariance quality = 2
